TN:
SF:/workspaces/codespaces-blank/Malo-Labs/contracts/lib/openzeppelin-contracts/contracts/access/AccessControl.sol
DA:1,0
DA:57,1
DA:64,5
DA:71,0
DA:72,0
DA:78,14
DA:79,90
DA:86,3
DA:87,9
DA:94,4
DA:95,9
DA:96,0
DA:106,0
DA:107,0
DA:122,0
DA:123,0
DA:137,0
DA:138,0
DA:157,0
DA:158,0
DA:159,0
DA:162,0
DA:183,8
DA:184,12
DA:185,53
DA:186,24
DA:187,5
DA:189,0
DA:200,0
DA:201,0
DA:202,0
DA:203,0
DA:204,0
DA:206,0
end_of_record

SF:/workspaces/codespaces-blank/Malo-Labs/contracts/lib/openzeppelin-contracts/contracts/access/IAccessControl.sol
end_of_record

SF:/workspaces/codespaces-blank/Malo-Labs/contracts/lib/openzeppelin-contracts/contracts/token/ERC20/IERC20.sol
end_of_record

SF:/workspaces/codespaces-blank/Malo-Labs/contracts/lib/openzeppelin-contracts/contracts/token/ERC20/extensions/IERC20Permit.sol
end_of_record

SF:/workspaces/codespaces-blank/Malo-Labs/contracts/lib/openzeppelin-contracts/contracts/token/ERC20/utils/SafeERC20.sol
DA:19,0
DA:36,5
DA:37,55
DA:44,6
DA:45,57
DA:91,5
DA:96,16
DA:97,31
DA:98,0
end_of_record

SF:/workspaces/codespaces-blank/Malo-Labs/contracts/lib/openzeppelin-contracts/contracts/utils/Address.sol
DA:9,0
DA:70,7
DA:71,9
DA:83,8
DA:84,7
DA:85,0
DA:87,68
DA:88,11
DA:114,8
DA:118,1
DA:119,4
DA:120,4
DA:124,13
DA:125,0
DA:127,5
DA:146,1
DA:148,7
DA:152,2
DA:153,5
DA:156,0
end_of_record

SF:/workspaces/codespaces-blank/Malo-Labs/contracts/lib/openzeppelin-contracts/contracts/utils/Context.sol
DA:17,8
DA:18,6
end_of_record

SF:/workspaces/codespaces-blank/Malo-Labs/contracts/lib/openzeppelin-contracts/contracts/utils/Pausable.sol
DA:44,21
DA:55,8
DA:74,4
DA:75,13
DA:81,2
DA:82,8
DA:83,0
end_of_record

SF:/workspaces/codespaces-blank/Malo-Labs/contracts/lib/openzeppelin-contracts/contracts/utils/ReentrancyGuard.sol
DA:34,2
DA:35,2
DA:45,5
DA:56,16
DA:58,16
DA:61,2
DA:63,6
DA:64,0
DA:68,5
DA:71,2
DA:74,5
end_of_record

SF:/workspaces/codespaces-blank/Malo-Labs/contracts/lib/openzeppelin-contracts/contracts/utils/Strings.sol
DA:12,0
DA:14,1
DA:24,6
DA:26,10
DA:27,53
DA:28,1
DA:31,7
DA:33,7
DA:34,8
DA:37,7
DA:39,9
DA:40,4
DA:42,6
DA:65,7
DA:66,4
DA:67,67
DA:68,24
DA:69,24
DA:70,37
DA:71,36
DA:72,6
DA:74,6
DA:75,0
DA:77,5
DA:84,6
DA:85,11
end_of_record

SF:/workspaces/codespaces-blank/Malo-Labs/contracts/lib/openzeppelin-contracts/contracts/utils/introspection/ERC165.sol
DA:24,0
DA:25,0
end_of_record

SF:/workspaces/codespaces-blank/Malo-Labs/contracts/lib/openzeppelin-contracts/contracts/utils/introspection/IERC165.sol
end_of_record

SF:/workspaces/codespaces-blank/Malo-Labs/contracts/lib/openzeppelin-contracts/contracts/utils/math/Math.sol
DA:9,0
DA:321,6
DA:322,4
DA:324,6
DA:325,0
DA:326,0
DA:328,6
DA:329,0
DA:330,0
DA:332,6
DA:333,9
DA:334,5
DA:336,6
DA:337,9
DA:338,5
DA:340,6
DA:341,9
DA:342,5
DA:344,6
DA:345,9
DA:346,5
DA:348,6
DA:349,5
DA:352,4
end_of_record

SF:/workspaces/codespaces-blank/Malo-Labs/contracts/lib/openzeppelin-contracts/contracts/utils/math/SignedMath.sol
DA:9,0
end_of_record

SF:/workspaces/codespaces-blank/Malo-Labs/contracts/lib/properties/contracts/ERC4626/util/TestERC20Token.sol
DA:6,93
DA:7,0
DA:8,0
DA:9,0
DA:10,0
DA:11,51
DA:12,0
DA:14,33
DA:15,11
DA:16,11
DA:17,21
DA:20,40
DA:21,40
DA:23,23
DA:24,3
DA:27,40
DA:28,36
DA:29,36
DA:31,23
DA:32,3
DA:35,40
DA:39,1
DA:40,39
DA:41,6
DA:42,0
DA:45,36
DA:46,36
DA:48,23
DA:49,4
DA:52,23
DA:53,19
DA:54,36
DA:56,23
DA:59,0
DA:60,0
DA:61,0
DA:63,0
DA:66,0
DA:71,0
DA:72,0
end_of_record

SF:/workspaces/codespaces-blank/Malo-Labs/contracts/lib/properties/contracts/util/Hevm.sol
end_of_record

SF:/workspaces/codespaces-blank/Malo-Labs/contracts/lib/properties/contracts/util/IERC20.sol
end_of_record

SF:/workspaces/codespaces-blank/Malo-Labs/contracts/lib/properties/contracts/util/PropertiesHelper.sol
DA:25,5
DA:26,6
DA:27,8
DA:28,8
DA:29,27
DA:31,1
DA:33,1
DA:35,1
DA:37,17
DA:38,6
DA:133,5
DA:134,6
DA:135,0
DA:136,0
DA:137,0
DA:139,0
DA:141,0
DA:143,0
DA:145,0
DA:146,0
DA:205,5
DA:206,6
DA:207,0
DA:208,0
DA:209,0
DA:211,0
DA:213,0
DA:215,0
DA:217,0
DA:218,0
DA:241,8
DA:245,1
DA:246,15
DA:247,32
DA:248,8
DA:249,8
DA:250,26
DA:252,1
DA:254,1
DA:256,17
DA:257,9
DA:259,3
DA:448,0
DA:458,6
DA:460,3
DA:464,4
DA:467,3
DA:470,5
DA:473,3
DA:476,1
DA:481,9
DA:483,5
DA:487,7
DA:490,5
DA:493,2
DA:497,3
DA:500,5
DA:503,3
end_of_record

SF:/workspaces/codespaces-blank/Malo-Labs/contracts/src/Staker.sol
DA:10,178
DA:13,2
DA:14,1
DA:23,24
DA:24,0
DA:25,56
DA:34,74
DA:35,0
DA:36,0
DA:41,1
DA:43,33
DA:44,10
DA:45,10
DA:46,10
DA:48,11
DA:49,12
DA:50,10
DA:51,10
DA:54,22
DA:57,6
DA:58,5
DA:60,19
DA:61,36
DA:63,17
DA:64,20
DA:67,22
DA:70,6
DA:71,25
DA:72,5
DA:74,19
DA:75,36
DA:77,15
DA:78,20
DA:81,22
DA:83,1
DA:84,26
DA:85,5
DA:87,39
DA:88,6
DA:90,40
DA:91,15
DA:92,23
DA:95,25
DA:99,4
DA:100,10
DA:101,15
DA:102,6
DA:104,21
DA:105,12
DA:106,39
DA:107,17
DA:108,14
DA:109,8
DA:110,46
DA:112,8
DA:115,69
DA:116,26
DA:117,11
DA:119,31
DA:120,50
DA:121,38
DA:124,11
DA:125,8
DA:126,8
DA:127,8
DA:129,7
DA:130,17
DA:132,22
DA:135,0
DA:138,0
DA:139,0
DA:140,0
DA:143,0
DA:145,0
DA:146,0
DA:147,0
DA:148,0
DA:149,0
DA:152,0
DA:155,3
DA:158,26
DA:159,29
DA:160,31
DA:162,21
DA:163,12
DA:164,12
DA:166,10
DA:167,45
DA:168,43
DA:173,5
DA:175,1
DA:176,21
DA:177,25
DA:178,1
DA:179,14
DA:182,6
DA:184,1
DA:185,21
DA:186,16
DA:188,18
DA:189,40
DA:192,41
DA:193,8
DA:194,39
DA:195,7
DA:197,11
DA:198,36
DA:199,49
DA:202,24
DA:203,4
DA:206,38
DA:208,1
DA:209,21
DA:212,8
DA:213,5
DA:215,25
DA:216,29
DA:217,39
DA:218,7
DA:219,40
DA:220,15
DA:221,23
end_of_record

SF:/workspaces/codespaces-blank/Malo-Labs/contracts/test/EchidnaTesting/E2E.sol
DA:19,94
DA:20,0
DA:21,0
DA:23,31
DA:26,11
DA:27,70
DA:28,72
DA:31,22
DA:34,52
DA:37,22
DA:40,52
DA:43,22
DA:46,59
DA:49,8
DA:50,52
DA:54,230
DA:57,8
DA:59,0
DA:60,0
DA:61,0
DA:62,0
DA:64,8
DA:65,1
DA:66,3
DA:68,0
DA:69,1
DA:70,1
DA:72,7
DA:73,50
DA:74,50
DA:77,50
DA:78,50
DA:79,50
DA:82,62
DA:85,19
DA:86,88
DA:90,24
DA:91,29
DA:92,63
DA:93,63
DA:94,63
DA:98,63
DA:99,63
DA:101,50
DA:102,89
DA:104,50
DA:105,89
DA:107,50
DA:108,75
DA:110,50
DA:111,75
DA:117,0
DA:118,0
DA:119,0
DA:120,0
DA:122,0
DA:125,0
DA:126,0
DA:129,0
DA:130,0
DA:131,0
DA:133,0
DA:136,0
DA:137,0
DA:138,0
DA:139,0
DA:142,0
DA:145,0
DA:147,0
DA:148,0
DA:149,0
DA:150,0
DA:152,0
DA:155,0
DA:156,0
DA:157,0
DA:158,0
DA:159,0
DA:161,0
DA:165,0
DA:171,25
DA:172,17
DA:174,22
DA:175,111
DA:177,106
DA:178,72
DA:180,79
DA:182,51
DA:184,131
DA:185,97
DA:188,27
DA:189,17
DA:191,22
DA:192,106
DA:193,9
DA:195,4
DA:196,72
DA:197,106
DA:199,79
DA:201,16
DA:202,35
DA:205,131
DA:206,97
DA:207,132
DA:210,27
DA:211,17
DA:213,22
DA:214,11
DA:215,36
DA:217,108
DA:218,10
DA:220,96
DA:221,87
DA:223,16
DA:224,35
DA:227,21
DA:228,101
DA:230,126
DA:233,22
DA:235,4
DA:236,17
DA:238,22
DA:240,118
DA:241,118
DA:242,106
DA:243,106
DA:245,80
DA:247,45
DA:249,7
DA:250,21
DA:251,111
DA:254,7
DA:255,21
DA:256,111
DA:261,26
DA:262,17
DA:264,11
DA:265,36
DA:266,9
DA:267,9
DA:269,50
DA:270,73
DA:272,16
DA:273,24
DA:275,5
DA:277,5
DA:279,5
DA:283,82
DA:284,23
DA:285,78
DA:288,22
DA:291,9
DA:292,58
DA:293,43
DA:300,22
DA:302,3
DA:303,17
DA:305,22
DA:306,106
DA:307,26
DA:309,106
DA:310,72
DA:312,79
DA:314,131
DA:315,97
DA:318,22
DA:320,4
DA:321,17
DA:323,22
DA:324,106
DA:325,26
DA:327,4
DA:328,72
DA:329,106
DA:331,79
DA:333,124
DA:334,97
DA:335,132
DA:338,22
DA:340,2
DA:341,17
DA:343,22
DA:344,31
DA:345,79
DA:347,26
DA:349,43
DA:352,84
DA:355,0
DA:363,10
DA:365,5
DA:368,116
DA:369,5
DA:370,116
DA:372,23
DA:379,25
DA:380,17
DA:382,22
DA:383,111
DA:385,106
DA:386,79
DA:388,106
DA:389,23
DA:392,26
DA:393,17
DA:395,22
DA:396,106
DA:397,26
DA:399,9
DA:401,4
DA:402,79
DA:404,106
DA:405,23
DA:408,22
DA:410,5
DA:411,17
DA:413,22
DA:414,31
DA:416,91
DA:417,91
DA:419,80
DA:421,91
DA:422,91
DA:424,23
DA:425,23
DA:427,15
DA:428,16
DA:429,33
DA:439,0
DA:441,0
DA:442,0
DA:446,0
DA:447,0
DA:448,0
DA:449,0
DA:452,0
DA:456,0
DA:457,0
DA:458,0
DA:459,0
DA:462,0
DA:466,0
DA:467,0
DA:468,0
DA:469,0
DA:472,0
DA:473,0
DA:477,8
DA:478,98
DA:482,0
DA:483,0
DA:485,0
DA:486,0
DA:488,0
DA:489,0
DA:491,0
DA:504,0
DA:505,0
DA:507,0
DA:509,0
DA:518,18
DA:520,0
DA:521,4
DA:522,97
DA:523,0
DA:526,0
DA:527,0
DA:528,0
DA:530,0
DA:531,0
DA:534,0
DA:535,0
DA:538,0
end_of_record

