TN:
SF:/workspaces/codespaces-blank/Malo-Labs/contracts/lib/openzeppelin-contracts/contracts/access/AccessControl.sol
DA:1,0
DA:57,1
DA:64,10
DA:71,0
DA:72,0
DA:78,14
DA:79,90
DA:86,3
DA:87,9
DA:94,4
DA:95,9
DA:96,0
DA:106,6
DA:107,19
DA:122,29
DA:123,7
DA:137,0
DA:138,0
DA:157,0
DA:158,0
DA:159,0
DA:162,0
DA:183,16
DA:184,21
DA:185,53
DA:186,24
DA:187,5
DA:189,3
DA:200,0
DA:201,0
DA:202,0
DA:203,0
DA:204,0
DA:206,0
end_of_record

SF:/workspaces/codespaces-blank/Malo-Labs/contracts/lib/openzeppelin-contracts/contracts/access/IAccessControl.sol
end_of_record

SF:/workspaces/codespaces-blank/Malo-Labs/contracts/lib/openzeppelin-contracts/contracts/interfaces/draft-IERC6093.sol
end_of_record

SF:/workspaces/codespaces-blank/Malo-Labs/contracts/lib/openzeppelin-contracts/contracts/token/ERC20/ERC20.sol
DA:50,2
DA:51,11
DA:52,11
DA:58,0
DA:59,0
DA:66,0
DA:67,0
DA:83,0
DA:84,0
DA:90,0
DA:91,0
DA:97,39
DA:98,21
DA:109,0
DA:110,0
DA:111,0
DA:112,0
DA:118,7
DA:119,38
DA:132,40
DA:133,7
DA:134,7
DA:135,4
DA:154,41
DA:155,7
DA:156,7
DA:157,7
DA:158,4
DA:171,5
DA:172,10
DA:173,0
DA:175,10
DA:176,0
DA:178,7
DA:188,5
DA:189,13
DA:191,19
DA:192,1
DA:193,22
DA:194,7
DA:195,0
DA:199,25
DA:203,11
DA:206,0
DA:211,31
DA:215,23
DA:226,4
DA:227,10
DA:228,0
DA:230,7
DA:263,5
DA:264,8
DA:284,6
DA:285,10
DA:286,0
DA:288,10
DA:289,0
DA:291,40
DA:292,5
DA:293,23
DA:305,6
DA:306,9
DA:307,6
DA:308,7
DA:309,0
DA:312,10
end_of_record

SF:/workspaces/codespaces-blank/Malo-Labs/contracts/lib/openzeppelin-contracts/contracts/token/ERC20/IERC20.sol
end_of_record

SF:/workspaces/codespaces-blank/Malo-Labs/contracts/lib/openzeppelin-contracts/contracts/token/ERC20/extensions/IERC20Metadata.sol
end_of_record

SF:/workspaces/codespaces-blank/Malo-Labs/contracts/lib/openzeppelin-contracts/contracts/token/ERC20/extensions/IERC20Permit.sol
end_of_record

SF:/workspaces/codespaces-blank/Malo-Labs/contracts/lib/openzeppelin-contracts/contracts/token/ERC20/utils/SafeERC20.sol
DA:19,0
DA:36,0
DA:37,0
DA:44,6
DA:45,57
DA:91,5
DA:96,16
DA:97,31
DA:98,0
end_of_record

SF:/workspaces/codespaces-blank/Malo-Labs/contracts/lib/openzeppelin-contracts/contracts/utils/Address.sol
DA:9,0
DA:70,7
DA:71,9
DA:83,8
DA:84,7
DA:85,0
DA:87,68
DA:88,11
DA:114,8
DA:118,1
DA:119,4
DA:120,0
DA:124,13
DA:125,0
DA:127,5
DA:146,0
DA:148,0
DA:152,0
DA:153,0
DA:156,0
end_of_record

SF:/workspaces/codespaces-blank/Malo-Labs/contracts/lib/openzeppelin-contracts/contracts/utils/Context.sol
DA:17,8
DA:18,6
end_of_record

SF:/workspaces/codespaces-blank/Malo-Labs/contracts/lib/openzeppelin-contracts/contracts/utils/Pausable.sol
DA:44,21
DA:55,4
DA:74,4
DA:75,13
DA:81,2
DA:82,8
DA:83,0
end_of_record

SF:/workspaces/codespaces-blank/Malo-Labs/contracts/lib/openzeppelin-contracts/contracts/utils/ReentrancyGuard.sol
DA:34,2
DA:35,2
DA:45,5
DA:56,4
DA:58,4
DA:61,2
DA:63,6
DA:64,0
DA:68,5
DA:71,2
DA:74,5
end_of_record

SF:/workspaces/codespaces-blank/Malo-Labs/contracts/lib/openzeppelin-contracts/contracts/utils/introspection/ERC165.sol
DA:24,0
DA:25,0
end_of_record

SF:/workspaces/codespaces-blank/Malo-Labs/contracts/lib/openzeppelin-contracts/contracts/utils/introspection/IERC165.sol
end_of_record

SF:/workspaces/codespaces-blank/Malo-Labs/contracts/src/Staker.sol
DA:10,173
DA:13,26
DA:14,25
DA:23,0
DA:24,0
DA:25,0
DA:34,0
DA:35,0
DA:36,0
DA:41,33
DA:42,10
DA:43,10
DA:44,10
DA:46,11
DA:47,12
DA:48,10
DA:49,10
DA:52,22
DA:55,6
DA:56,5
DA:58,19
DA:59,36
DA:61,17
DA:62,20
DA:65,0
DA:68,0
DA:69,0
DA:70,0
DA:72,0
DA:73,0
DA:75,0
DA:76,0
DA:79,0
DA:81,0
DA:82,0
DA:83,0
DA:85,0
DA:86,0
DA:88,0
DA:89,0
DA:90,0
DA:135,18
DA:136,6
DA:139,69
DA:140,6
DA:141,11
DA:144,31
DA:147,0
DA:148,0
DA:149,0
DA:150,0
DA:151,0
DA:155,0
DA:156,0
DA:159,0
DA:161,0
DA:162,0
DA:163,0
DA:164,0
DA:167,0
DA:170,0
DA:171,0
DA:172,0
DA:173,0
DA:174,0
DA:176,0
DA:179,0
DA:182,3
DA:185,14
DA:186,0
DA:187,0
DA:189,0
DA:190,0
DA:191,0
DA:193,0
DA:194,0
DA:195,0
DA:200,0
DA:202,0
DA:203,0
DA:204,0
DA:205,0
DA:206,0
DA:209,0
DA:211,0
DA:212,0
DA:213,0
DA:215,0
DA:216,0
DA:219,0
DA:220,0
DA:221,0
DA:224,24
DA:225,4
DA:228,38
DA:230,1
DA:231,21
DA:234,0
DA:235,0
DA:237,0
DA:238,0
DA:239,0
DA:240,0
DA:241,0
DA:242,0
DA:243,0
end_of_record

SF:/workspaces/codespaces-blank/Malo-Labs/contracts/test/EchidnaTesting/TestStaker.sol
DA:9,86
DA:12,0
DA:13,0
DA:14,0
DA:17,0
DA:18,0
DA:19,52
DA:21,7
DA:23,48
DA:24,48
DA:27,64
DA:30,130
DA:31,130
DA:34,64
DA:35,64
DA:39,0
DA:40,0
DA:44,0
DA:45,0
DA:49,0
DA:50,0
DA:54,8
DA:55,7
DA:56,31
DA:60,22
DA:62,3
DA:64,9
DA:67,72
DA:68,79
DA:69,88
DA:72,89
DA:74,66
DA:76,36
DA:79,80
DA:80,87
DA:81,97
DA:88,23
DA:89,9
DA:90,9
DA:92,89
DA:94,78
DA:95,0
end_of_record

SF:/workspaces/codespaces-blank/Malo-Labs/contracts/test/mocks/MockERC20.sol
DA:6,68
DA:7,34
DA:9,23
DA:10,6
end_of_record

